27-Apr-2026 14:06:44.354 信息 [main] org.apache.catalina.startup.VersionLoggerListener.log Server.服务器版本: Apache Tomcat/9.0.117
27-Apr-2026 14:06:44.367 信息 [main] org.apache.catalina.startup.VersionLoggerListener.log 服务器构建:        Mar 30 2026 18:21:16 UTC
27-Apr-2026 14:06:44.367 信息 [main] org.apache.catalina.startup.VersionLoggerListener.log 服务器版本号:      9.0.117.0
27-Apr-2026 14:06:44.367 信息 [main] org.apache.catalina.startup.VersionLoggerListener.log 操作系统名称:      Mac OS X
27-Apr-2026 14:06:44.367 信息 [main] org.apache.catalina.startup.VersionLoggerListener.log OS.版本:           26.4.1
27-Apr-2026 14:06:44.368 信息 [main] org.apache.catalina.startup.VersionLoggerListener.log 架构:              x86_64
27-Apr-2026 14:06:44.368 信息 [main] org.apache.catalina.startup.VersionLoggerListener.log Java 环境变量:     /Library/Java/JavaVirtualMachines/temurin-21.jdk/Contents/Home
27-Apr-2026 14:06:44.368 信息 [main] org.apache.catalina.startup.VersionLoggerListener.log Java虚拟机版本:    21.0.10+7-LTS
27-Apr-2026 14:06:44.368 信息 [main] org.apache.catalina.startup.VersionLoggerListener.log JVM.供应商:        Eclipse Adoptium
27-Apr-2026 14:06:44.369 信息 [main] org.apache.catalina.startup.VersionLoggerListener.log CATALINA_BASE:     /Users/dingyi.zhang/Desktop/软工/tools/apache-tomcat-9.0.117
27-Apr-2026 14:06:44.369 信息 [main] org.apache.catalina.startup.VersionLoggerListener.log CATALINA_HOME:     /Users/dingyi.zhang/Desktop/软工/tools/apache-tomcat-9.0.117
27-Apr-2026 14:06:44.581 信息 [main] org.apache.catalina.startup.VersionLoggerListener.log 命令行参数：       --add-opens=java.base/java.lang=ALL-UNNAMED
27-Apr-2026 14:06:44.581 信息 [main] org.apache.catalina.startup.VersionLoggerListener.log 命令行参数：       --add-opens=java.base/java.lang.invoke=ALL-UNNAMED
27-Apr-2026 14:06:44.582 信息 [main] org.apache.catalina.startup.VersionLoggerListener.log 命令行参数：       --add-opens=java.base/java.lang.reflect=ALL-UNNAMED
27-Apr-2026 14:06:44.582 信息 [main] org.apache.catalina.startup.VersionLoggerListener.log 命令行参数：       --add-opens=java.base/java.io=ALL-UNNAMED
27-Apr-2026 14:06:44.582 信息 [main] org.apache.catalina.startup.VersionLoggerListener.log 命令行参数：       --add-opens=java.base/java.util=ALL-UNNAMED
27-Apr-2026 14:06:44.582 信息 [main] org.apache.catalina.startup.VersionLoggerListener.log 命令行参数：       --add-opens=java.base/java.util.concurrent=ALL-UNNAMED
27-Apr-2026 14:06:44.582 信息 [main] org.apache.catalina.startup.VersionLoggerListener.log 命令行参数：       --add-opens=java.rmi/sun.rmi.transport=ALL-UNNAMED
27-Apr-2026 14:06:44.582 信息 [main] org.apache.catalina.startup.VersionLoggerListener.log 命令行参数：       -Djava.util.logging.config.file=/Users/dingyi.zhang/Desktop/软工/tools/apache-tomcat-9.0.117/conf/logging.properties
27-Apr-2026 14:06:44.582 信息 [main] org.apache.catalina.startup.VersionLoggerListener.log 命令行参数：       -Djava.util.logging.manager=org.apache.juli.ClassLoaderLogManager
27-Apr-2026 14:06:44.583 信息 [main] org.apache.catalina.startup.VersionLoggerListener.log 命令行参数：       -Djdk.tls.ephemeralDHKeySize=2048
27-Apr-2026 14:06:44.583 信息 [main] org.apache.catalina.startup.VersionLoggerListener.log 命令行参数：       -Djava.protocol.handler.pkgs=org.apache.catalina.webresources
27-Apr-2026 14:06:44.583 信息 [main] org.apache.catalina.startup.VersionLoggerListener.log 命令行参数：       -Dsun.io.useCanonCaches=false
27-Apr-2026 14:06:44.583 信息 [main] org.apache.catalina.startup.VersionLoggerListener.log 命令行参数：       -Dorg.apache.catalina.security.SecurityListener.UMASK=0027
27-Apr-2026 14:06:44.584 信息 [main] org.apache.catalina.startup.VersionLoggerListener.log 命令行参数：       -Dignore.endorsed.dirs=
27-Apr-2026 14:06:44.584 信息 [main] org.apache.catalina.startup.VersionLoggerListener.log 命令行参数：       -Dcatalina.base=/Users/dingyi.zhang/Desktop/软工/tools/apache-tomcat-9.0.117
27-Apr-2026 14:06:44.584 信息 [main] org.apache.catalina.startup.VersionLoggerListener.log 命令行参数：       -Dcatalina.home=/Users/dingyi.zhang/Desktop/软工/tools/apache-tomcat-9.0.117
27-Apr-2026 14:06:44.584 信息 [main] org.apache.catalina.startup.VersionLoggerListener.log 命令行参数：       -Djava.io.tmpdir=/Users/dingyi.zhang/Desktop/软工/tools/apache-tomcat-9.0.117/temp
27-Apr-2026 14:06:44.597 信息 [main] org.apache.catalina.core.AprLifecycleListener.lifecycleEvent 在java.library.path:[/Users/dingyi.zhang/Library/Java/Extensions:/Library/Java/Extensions:/Network/Library/Java/Extensions:/System/Library/Java/Extensions:/usr/lib/java:.]上找不到基于APR的Apache Tomcat本机库，该库允许在生产环境中获得最佳性能
27-Apr-2026 14:06:45.096 信息 [main] org.apache.coyote.AbstractProtocol.init 初始化协议处理器 ["http-nio-8080"]
27-Apr-2026 14:06:45.216 严重 [main] org.apache.catalina.util.LifecycleBase.handleSubClassException 初始化组件[Connector["http-nio-8080"]]失败。
	org.apache.catalina.LifecycleException: 协议处理程序初始化失败
		at org.apache.catalina.connector.Connector.initInternal(Connector.java:1084)
		at org.apache.catalina.util.LifecycleBase.init(LifecycleBase.java:122)
		at org.apache.catalina.core.StandardService.initInternal(StandardService.java:520)
		at org.apache.catalina.util.LifecycleBase.init(LifecycleBase.java:122)
		at org.apache.catalina.core.StandardServer.initInternal(StandardServer.java:984)
		at org.apache.catalina.util.LifecycleBase.init(LifecycleBase.java:122)
		at org.apache.catalina.startup.Catalina.load(Catalina.java:687)
		at org.apache.catalina.startup.Catalina.load(Catalina.java:710)
		at java.base/jdk.internal.reflect.DirectMethodHandleAccessor.invoke(DirectMethodHandleAccessor.java:103)
		at java.base/java.lang.reflect.Method.invoke(Method.java:580)
		at org.apache.catalina.startup.Bootstrap.load(Bootstrap.java:299)
		at org.apache.catalina.startup.Bootstrap.main(Bootstrap.java:472)
	Caused by: java.net.SocketException: Operation not permitted
		at java.base/sun.nio.ch.Net.bind0(Native Method)
		at java.base/sun.nio.ch.Net.bind(Net.java:577)
		at java.base/sun.nio.ch.ServerSocketChannelImpl.netBind(ServerSocketChannelImpl.java:344)
		at java.base/sun.nio.ch.ServerSocketChannelImpl.bind(ServerSocketChannelImpl.java:301)
		at org.apache.tomcat.util.net.NioEndpoint.initServerSocket(NioEndpoint.java:296)
		at org.apache.tomcat.util.net.NioEndpoint.bind(NioEndpoint.java:251)
		at org.apache.tomcat.util.net.AbstractEndpoint.bindWithCleanup(AbstractEndpoint.java:1498)
		at org.apache.tomcat.util.net.AbstractEndpoint.init(AbstractEndpoint.java:1511)
		at org.apache.coyote.AbstractProtocol.init(AbstractProtocol.java:667)
		at org.apache.coyote.http11.AbstractHttp11Protocol.init(AbstractHttp11Protocol.java:80)
		at org.apache.catalina.connector.Connector.initInternal(Connector.java:1082)
		... 11 more
27-Apr-2026 14:06:45.218 信息 [main] org.apache.catalina.startup.Catalina.load 服务器在[1111]毫秒内初始化
27-Apr-2026 14:06:45.277 信息 [main] org.apache.catalina.core.StandardService.startInternal 正在启动服务[Catalina]
27-Apr-2026 14:06:45.277 信息 [main] org.apache.catalina.core.StandardEngine.startInternal 正在启动 Servlet 引擎：[Apache Tomcat/9.0.117]
27-Apr-2026 14:06:45.292 信息 [main] org.apache.catalina.startup.HostConfig.deployWAR 正在部署web应用程序存档文件[/Users/dingyi.zhang/Desktop/软工/tools/apache-tomcat-9.0.117/webapps/ROOT.war]
27-Apr-2026 14:06:45.802 信息 [main] org.apache.catalina.startup.HostConfig.deployWAR web应用程序存档文件[/Users/dingyi.zhang/Desktop/软工/tools/apache-tomcat-9.0.117/webapps/ROOT.war]的部署已在[502]ms内完成
27-Apr-2026 14:06:45.804 信息 [main] org.apache.catalina.startup.HostConfig.deployDirectory 把web 应用程序部署到目录 [/Users/dingyi.zhang/Desktop/软工/tools/apache-tomcat-9.0.117/webapps/docs]
27-Apr-2026 14:06:45.843 信息 [main] org.apache.catalina.startup.HostConfig.deployDirectory Web应用程序目录[/Users/dingyi.zhang/Desktop/软工/tools/apache-tomcat-9.0.117/webapps/docs]的部署已在[39]毫秒内完成
27-Apr-2026 14:06:45.843 信息 [main] org.apache.catalina.startup.HostConfig.deployDirectory 把web 应用程序部署到目录 [/Users/dingyi.zhang/Desktop/软工/tools/apache-tomcat-9.0.117/webapps/manager]
27-Apr-2026 14:06:45.903 信息 [main] org.apache.catalina.startup.HostConfig.deployDirectory Web应用程序目录[/Users/dingyi.zhang/Desktop/软工/tools/apache-tomcat-9.0.117/webapps/manager]的部署已在[60]毫秒内完成
27-Apr-2026 14:06:45.903 信息 [main] org.apache.catalina.startup.HostConfig.deployDirectory 把web 应用程序部署到目录 [/Users/dingyi.zhang/Desktop/软工/tools/apache-tomcat-9.0.117/webapps/examples]
27-Apr-2026 14:06:46.217 信息 [main] org.apache.catalina.startup.HostConfig.deployDirectory Web应用程序目录[/Users/dingyi.zhang/Desktop/软工/tools/apache-tomcat-9.0.117/webapps/examples]的部署已在[314]毫秒内完成
27-Apr-2026 14:06:46.217 信息 [main] org.apache.catalina.startup.HostConfig.deployDirectory 把web 应用程序部署到目录 [/Users/dingyi.zhang/Desktop/软工/tools/apache-tomcat-9.0.117/webapps/host-manager]
27-Apr-2026 14:06:46.245 信息 [main] org.apache.catalina.startup.HostConfig.deployDirectory Web应用程序目录[/Users/dingyi.zhang/Desktop/软工/tools/apache-tomcat-9.0.117/webapps/host-manager]的部署已在[28]毫秒内完成
27-Apr-2026 14:06:46.252 信息 [main] org.apache.catalina.startup.Catalina.start [1029]毫秒后服务器启动
27-Apr-2026 14:06:46.260 严重 [main] org.apache.catalina.core.StandardServer.await 无法在地址[localhost]和端口[8005]上创建服务器关闭套接字（基本端口[8005]和偏移量[0]）
	java.net.SocketException: Operation not permitted
		at java.base/sun.nio.ch.Net.bind0(Native Method)
		at java.base/sun.nio.ch.Net.bind(Net.java:577)
		at java.base/sun.nio.ch.Net.bind(Net.java:566)
		at java.base/sun.nio.ch.NioSocketImpl.bind(NioSocketImpl.java:636)
		at java.base/java.net.ServerSocket.bind(ServerSocket.java:391)
		at java.base/java.net.ServerSocket.<init>(ServerSocket.java:278)
		at org.apache.catalina.core.StandardServer.await(StandardServer.java:535)
		at org.apache.catalina.startup.Catalina.await(Catalina.java:826)
		at org.apache.catalina.startup.Catalina.start(Catalina.java:774)
		at java.base/jdk.internal.reflect.DirectMethodHandleAccessor.invoke(DirectMethodHandleAccessor.java:103)
		at java.base/java.lang.reflect.Method.invoke(Method.java:580)
		at org.apache.catalina.startup.Bootstrap.start(Bootstrap.java:342)
		at org.apache.catalina.startup.Bootstrap.main(Bootstrap.java:473)
27-Apr-2026 14:06:46.261 信息 [main] org.apache.coyote.AbstractProtocol.pause 暂停ProtocolHandler["http-nio-8080"]
27-Apr-2026 14:06:46.261 信息 [main] org.apache.catalina.core.StandardService.stopInternal 正在停止服务[Catalina]
27-Apr-2026 14:06:46.284 信息 [main] org.apache.coyote.AbstractProtocol.stop 正在停止ProtocolHandler ["http-nio-8080"]
27-Apr-2026 14:06:46.286 信息 [main] org.apache.coyote.AbstractProtocol.destroy 正在销毁协议处理器 ["http-nio-8080"]
27-Apr-2026 14:11:51.993 信息 [main] org.apache.catalina.startup.VersionLoggerListener.log Server.服务器版本: Apache Tomcat/9.0.117
27-Apr-2026 14:11:52.000 信息 [main] org.apache.catalina.startup.VersionLoggerListener.log 服务器构建:        Mar 30 2026 18:21:16 UTC
27-Apr-2026 14:11:52.000 信息 [main] org.apache.catalina.startup.VersionLoggerListener.log 服务器版本号:      9.0.117.0
27-Apr-2026 14:11:52.000 信息 [main] org.apache.catalina.startup.VersionLoggerListener.log 操作系统名称:      Mac OS X
27-Apr-2026 14:11:52.000 信息 [main] org.apache.catalina.startup.VersionLoggerListener.log OS.版本:           26.4.1
27-Apr-2026 14:11:52.000 信息 [main] org.apache.catalina.startup.VersionLoggerListener.log 架构:              x86_64
27-Apr-2026 14:11:52.001 信息 [main] org.apache.catalina.startup.VersionLoggerListener.log Java 环境变量:     /Library/Java/JavaVirtualMachines/temurin-21.jdk/Contents/Home
27-Apr-2026 14:11:52.001 信息 [main] org.apache.catalina.startup.VersionLoggerListener.log Java虚拟机版本:    21.0.10+7-LTS
27-Apr-2026 14:11:52.001 信息 [main] org.apache.catalina.startup.VersionLoggerListener.log JVM.供应商:        Eclipse Adoptium
27-Apr-2026 14:11:52.001 信息 [main] org.apache.catalina.startup.VersionLoggerListener.log CATALINA_BASE:     /Users/dingyi.zhang/Desktop/软工/tools/apache-tomcat-9.0.117
27-Apr-2026 14:11:52.001 信息 [main] org.apache.catalina.startup.VersionLoggerListener.log CATALINA_HOME:     /Users/dingyi.zhang/Desktop/软工/tools/apache-tomcat-9.0.117
27-Apr-2026 14:11:52.018 信息 [main] org.apache.catalina.startup.VersionLoggerListener.log 命令行参数：       --add-opens=java.base/java.lang=ALL-UNNAMED
27-Apr-2026 14:11:52.018 信息 [main] org.apache.catalina.startup.VersionLoggerListener.log 命令行参数：       --add-opens=java.base/java.lang.invoke=ALL-UNNAMED
27-Apr-2026 14:11:52.018 信息 [main] org.apache.catalina.startup.VersionLoggerListener.log 命令行参数：       --add-opens=java.base/java.lang.reflect=ALL-UNNAMED
27-Apr-2026 14:11:52.018 信息 [main] org.apache.catalina.startup.VersionLoggerListener.log 命令行参数：       --add-opens=java.base/java.io=ALL-UNNAMED
27-Apr-2026 14:11:52.018 信息 [main] org.apache.catalina.startup.VersionLoggerListener.log 命令行参数：       --add-opens=java.base/java.util=ALL-UNNAMED
27-Apr-2026 14:11:52.019 信息 [main] org.apache.catalina.startup.VersionLoggerListener.log 命令行参数：       --add-opens=java.base/java.util.concurrent=ALL-UNNAMED
27-Apr-2026 14:11:52.019 信息 [main] org.apache.catalina.startup.VersionLoggerListener.log 命令行参数：       --add-opens=java.rmi/sun.rmi.transport=ALL-UNNAMED
27-Apr-2026 14:11:52.019 信息 [main] org.apache.catalina.startup.VersionLoggerListener.log 命令行参数：       -Djava.util.logging.config.file=/Users/dingyi.zhang/Desktop/软工/tools/apache-tomcat-9.0.117/conf/logging.properties
27-Apr-2026 14:11:52.019 信息 [main] org.apache.catalina.startup.VersionLoggerListener.log 命令行参数：       -Djava.util.logging.manager=org.apache.juli.ClassLoaderLogManager
27-Apr-2026 14:11:52.019 信息 [main] org.apache.catalina.startup.VersionLoggerListener.log 命令行参数：       -Djdk.tls.ephemeralDHKeySize=2048
27-Apr-2026 14:11:52.019 信息 [main] org.apache.catalina.startup.VersionLoggerListener.log 命令行参数：       -Djava.protocol.handler.pkgs=org.apache.catalina.webresources
27-Apr-2026 14:11:52.020 信息 [main] org.apache.catalina.startup.VersionLoggerListener.log 命令行参数：       -Dsun.io.useCanonCaches=false
27-Apr-2026 14:11:52.020 信息 [main] org.apache.catalina.startup.VersionLoggerListener.log 命令行参数：       -Dorg.apache.catalina.security.SecurityListener.UMASK=0027
27-Apr-2026 14:11:52.020 信息 [main] org.apache.catalina.startup.VersionLoggerListener.log 命令行参数：       -Dignore.endorsed.dirs=
27-Apr-2026 14:11:52.020 信息 [main] org.apache.catalina.startup.VersionLoggerListener.log 命令行参数：       -Dcatalina.base=/Users/dingyi.zhang/Desktop/软工/tools/apache-tomcat-9.0.117
27-Apr-2026 14:11:52.020 信息 [main] org.apache.catalina.startup.VersionLoggerListener.log 命令行参数：       -Dcatalina.home=/Users/dingyi.zhang/Desktop/软工/tools/apache-tomcat-9.0.117
27-Apr-2026 14:11:52.020 信息 [main] org.apache.catalina.startup.VersionLoggerListener.log 命令行参数：       -Djava.io.tmpdir=/Users/dingyi.zhang/Desktop/软工/tools/apache-tomcat-9.0.117/temp
27-Apr-2026 14:11:52.031 信息 [main] org.apache.catalina.core.AprLifecycleListener.lifecycleEvent 在java.library.path:[/Users/dingyi.zhang/Library/Java/Extensions:/Library/Java/Extensions:/Network/Library/Java/Extensions:/System/Library/Java/Extensions:/usr/lib/java:.]上找不到基于APR的Apache Tomcat本机库，该库允许在生产环境中获得最佳性能
27-Apr-2026 14:11:52.554 信息 [main] org.apache.coyote.AbstractProtocol.init 初始化协议处理器 ["http-nio-8080"]
27-Apr-2026 14:11:52.610 信息 [main] org.apache.catalina.startup.Catalina.load 服务器在[882]毫秒内初始化
27-Apr-2026 14:11:52.659 信息 [main] org.apache.catalina.core.StandardService.startInternal 正在启动服务[Catalina]
27-Apr-2026 14:11:52.660 信息 [main] org.apache.catalina.core.StandardEngine.startInternal 正在启动 Servlet 引擎：[Apache Tomcat/9.0.117]
27-Apr-2026 14:11:52.672 信息 [main] org.apache.catalina.startup.HostConfig.deployWAR 正在部署web应用程序存档文件[/Users/dingyi.zhang/Desktop/软工/tools/apache-tomcat-9.0.117/webapps/ROOT.war]
27-Apr-2026 14:11:53.174 信息 [main] org.apache.catalina.startup.HostConfig.deployWAR web应用程序存档文件[/Users/dingyi.zhang/Desktop/软工/tools/apache-tomcat-9.0.117/webapps/ROOT.war]的部署已在[494]ms内完成
27-Apr-2026 14:11:53.176 信息 [main] org.apache.catalina.startup.HostConfig.deployDirectory 把web 应用程序部署到目录 [/Users/dingyi.zhang/Desktop/软工/tools/apache-tomcat-9.0.117/webapps/docs]
27-Apr-2026 14:11:53.216 信息 [main] org.apache.catalina.startup.HostConfig.deployDirectory Web应用程序目录[/Users/dingyi.zhang/Desktop/软工/tools/apache-tomcat-9.0.117/webapps/docs]的部署已在[39]毫秒内完成
27-Apr-2026 14:11:53.216 信息 [main] org.apache.catalina.startup.HostConfig.deployDirectory 把web 应用程序部署到目录 [/Users/dingyi.zhang/Desktop/软工/tools/apache-tomcat-9.0.117/webapps/manager]
27-Apr-2026 14:11:53.272 信息 [main] org.apache.catalina.startup.HostConfig.deployDirectory Web应用程序目录[/Users/dingyi.zhang/Desktop/软工/tools/apache-tomcat-9.0.117/webapps/manager]的部署已在[56]毫秒内完成
27-Apr-2026 14:11:53.273 信息 [main] org.apache.catalina.startup.HostConfig.deployDirectory 把web 应用程序部署到目录 [/Users/dingyi.zhang/Desktop/软工/tools/apache-tomcat-9.0.117/webapps/examples]
27-Apr-2026 14:11:53.671 信息 [main] org.apache.catalina.startup.HostConfig.deployDirectory Web应用程序目录[/Users/dingyi.zhang/Desktop/软工/tools/apache-tomcat-9.0.117/webapps/examples]的部署已在[398]毫秒内完成
27-Apr-2026 14:11:53.671 信息 [main] org.apache.catalina.startup.HostConfig.deployDirectory 把web 应用程序部署到目录 [/Users/dingyi.zhang/Desktop/软工/tools/apache-tomcat-9.0.117/webapps/host-manager]
27-Apr-2026 14:11:53.716 信息 [main] org.apache.catalina.startup.HostConfig.deployDirectory Web应用程序目录[/Users/dingyi.zhang/Desktop/软工/tools/apache-tomcat-9.0.117/webapps/host-manager]的部署已在[44]毫秒内完成
27-Apr-2026 14:11:53.722 信息 [main] org.apache.coyote.AbstractProtocol.start 开始协议处理句柄["http-nio-8080"]
27-Apr-2026 14:11:53.733 信息 [main] org.apache.catalina.startup.Catalina.start [1119]毫秒后服务器启动
27-Apr-2026 14:14:33.126 信息 [Thread-1] org.apache.coyote.AbstractProtocol.pause 暂停ProtocolHandler["http-nio-8080"]
27-Apr-2026 14:14:33.139 信息 [Thread-1] org.apache.catalina.core.StandardService.stopInternal 正在停止服务[Catalina]
27-Apr-2026 14:14:33.208 信息 [Thread-1] org.apache.coyote.AbstractProtocol.stop 正在停止ProtocolHandler ["http-nio-8080"]
27-Apr-2026 14:14:33.221 信息 [Thread-1] org.apache.coyote.AbstractProtocol.destroy 正在销毁协议处理器 ["http-nio-8080"]
27-Apr-2026 14:14:49.323 信息 [main] org.apache.catalina.startup.VersionLoggerListener.log Server.服务器版本: Apache Tomcat/9.0.117
27-Apr-2026 14:14:49.334 信息 [main] org.apache.catalina.startup.VersionLoggerListener.log 服务器构建:        Mar 30 2026 18:21:16 UTC
27-Apr-2026 14:14:49.334 信息 [main] org.apache.catalina.startup.VersionLoggerListener.log 服务器版本号:      9.0.117.0
27-Apr-2026 14:14:49.335 信息 [main] org.apache.catalina.startup.VersionLoggerListener.log 操作系统名称:      Mac OS X
27-Apr-2026 14:14:49.335 信息 [main] org.apache.catalina.startup.VersionLoggerListener.log OS.版本:           26.4.1
27-Apr-2026 14:14:49.336 信息 [main] org.apache.catalina.startup.VersionLoggerListener.log 架构:              x86_64
27-Apr-2026 14:14:49.336 信息 [main] org.apache.catalina.startup.VersionLoggerListener.log Java 环境变量:     /Library/Java/JavaVirtualMachines/temurin-21.jdk/Contents/Home
27-Apr-2026 14:14:49.336 信息 [main] org.apache.catalina.startup.VersionLoggerListener.log Java虚拟机版本:    21.0.10+7-LTS
27-Apr-2026 14:14:49.336 信息 [main] org.apache.catalina.startup.VersionLoggerListener.log JVM.供应商:        Eclipse Adoptium
27-Apr-2026 14:14:49.336 信息 [main] org.apache.catalina.startup.VersionLoggerListener.log CATALINA_BASE:     /Users/dingyi.zhang/Desktop/软工/tools/apache-tomcat-9.0.117
27-Apr-2026 14:14:49.336 信息 [main] org.apache.catalina.startup.VersionLoggerListener.log CATALINA_HOME:     /Users/dingyi.zhang/Desktop/软工/tools/apache-tomcat-9.0.117
27-Apr-2026 14:14:49.356 信息 [main] org.apache.catalina.startup.VersionLoggerListener.log 命令行参数：       --add-opens=java.base/java.lang=ALL-UNNAMED
27-Apr-2026 14:14:49.357 信息 [main] org.apache.catalina.startup.VersionLoggerListener.log 命令行参数：       --add-opens=java.base/java.lang.invoke=ALL-UNNAMED
27-Apr-2026 14:14:49.357 信息 [main] org.apache.catalina.startup.VersionLoggerListener.log 命令行参数：       --add-opens=java.base/java.lang.reflect=ALL-UNNAMED
27-Apr-2026 14:14:49.357 信息 [main] org.apache.catalina.startup.VersionLoggerListener.log 命令行参数：       --add-opens=java.base/java.io=ALL-UNNAMED
27-Apr-2026 14:14:49.357 信息 [main] org.apache.catalina.startup.VersionLoggerListener.log 命令行参数：       --add-opens=java.base/java.util=ALL-UNNAMED
27-Apr-2026 14:14:49.358 信息 [main] org.apache.catalina.startup.VersionLoggerListener.log 命令行参数：       --add-opens=java.base/java.util.concurrent=ALL-UNNAMED
27-Apr-2026 14:14:49.358 信息 [main] org.apache.catalina.startup.VersionLoggerListener.log 命令行参数：       --add-opens=java.rmi/sun.rmi.transport=ALL-UNNAMED
27-Apr-2026 14:14:49.358 信息 [main] org.apache.catalina.startup.VersionLoggerListener.log 命令行参数：       -Djava.util.logging.config.file=/Users/dingyi.zhang/Desktop/软工/tools/apache-tomcat-9.0.117/conf/logging.properties
27-Apr-2026 14:14:49.358 信息 [main] org.apache.catalina.startup.VersionLoggerListener.log 命令行参数：       -Djava.util.logging.manager=org.apache.juli.ClassLoaderLogManager
27-Apr-2026 14:14:49.359 信息 [main] org.apache.catalina.startup.VersionLoggerListener.log 命令行参数：       -Djdk.tls.ephemeralDHKeySize=2048
27-Apr-2026 14:14:49.359 信息 [main] org.apache.catalina.startup.VersionLoggerListener.log 命令行参数：       -Djava.protocol.handler.pkgs=org.apache.catalina.webresources
27-Apr-2026 14:14:49.359 信息 [main] org.apache.catalina.startup.VersionLoggerListener.log 命令行参数：       -Dsun.io.useCanonCaches=false
27-Apr-2026 14:14:49.359 信息 [main] org.apache.catalina.startup.VersionLoggerListener.log 命令行参数：       -Dorg.apache.catalina.security.SecurityListener.UMASK=0027
27-Apr-2026 14:14:49.360 信息 [main] org.apache.catalina.startup.VersionLoggerListener.log 命令行参数：       -Dignore.endorsed.dirs=
27-Apr-2026 14:14:49.360 信息 [main] org.apache.catalina.startup.VersionLoggerListener.log 命令行参数：       -Dcatalina.base=/Users/dingyi.zhang/Desktop/软工/tools/apache-tomcat-9.0.117
27-Apr-2026 14:14:49.360 信息 [main] org.apache.catalina.startup.VersionLoggerListener.log 命令行参数：       -Dcatalina.home=/Users/dingyi.zhang/Desktop/软工/tools/apache-tomcat-9.0.117
27-Apr-2026 14:14:49.360 信息 [main] org.apache.catalina.startup.VersionLoggerListener.log 命令行参数：       -Djava.io.tmpdir=/Users/dingyi.zhang/Desktop/软工/tools/apache-tomcat-9.0.117/temp
27-Apr-2026 14:14:49.375 信息 [main] org.apache.catalina.core.AprLifecycleListener.lifecycleEvent 在java.library.path:[/Users/dingyi.zhang/Library/Java/Extensions:/Library/Java/Extensions:/Network/Library/Java/Extensions:/System/Library/Java/Extensions:/usr/lib/java:.]上找不到基于APR的Apache Tomcat本机库，该库允许在生产环境中获得最佳性能
27-Apr-2026 14:14:49.871 信息 [main] org.apache.coyote.AbstractProtocol.init 初始化协议处理器 ["http-nio-8080"]
27-Apr-2026 14:14:49.911 信息 [main] org.apache.catalina.startup.Catalina.load 服务器在[846]毫秒内初始化
27-Apr-2026 14:14:49.971 信息 [main] org.apache.catalina.core.StandardService.startInternal 正在启动服务[Catalina]
27-Apr-2026 14:14:49.971 信息 [main] org.apache.catalina.core.StandardEngine.startInternal 正在启动 Servlet 引擎：[Apache Tomcat/9.0.117]
27-Apr-2026 14:14:49.984 信息 [main] org.apache.catalina.startup.HostConfig.deployWAR 正在部署web应用程序存档文件[/Users/dingyi.zhang/Desktop/软工/tools/apache-tomcat-9.0.117/webapps/ROOT.war]
27-Apr-2026 14:14:51.712 信息 [main] org.apache.jasper.servlet.TldScanner.scanJars 至少有一个JAR被扫描用于TLD但尚未包含TLD。 为此记录器启用调试日志记录，以获取已扫描但未在其中找到TLD的完整JAR列表。 在扫描期间跳过不需要的JAR可以缩短启动时间和JSP编译时间。
27-Apr-2026 14:14:51.853 信息 [main] org.apache.catalina.startup.HostConfig.deployWAR web应用程序存档文件[/Users/dingyi.zhang/Desktop/软工/tools/apache-tomcat-9.0.117/webapps/ROOT.war]的部署已在[1,860]ms内完成
27-Apr-2026 14:14:51.854 信息 [main] org.apache.catalina.startup.HostConfig.deployDirectory 把web 应用程序部署到目录 [/Users/dingyi.zhang/Desktop/软工/tools/apache-tomcat-9.0.117/webapps/docs]
27-Apr-2026 14:14:51.914 信息 [main] org.apache.catalina.startup.HostConfig.deployDirectory Web应用程序目录[/Users/dingyi.zhang/Desktop/软工/tools/apache-tomcat-9.0.117/webapps/docs]的部署已在[59]毫秒内完成
27-Apr-2026 14:14:51.914 信息 [main] org.apache.catalina.startup.HostConfig.deployDirectory 把web 应用程序部署到目录 [/Users/dingyi.zhang/Desktop/软工/tools/apache-tomcat-9.0.117/webapps/manager]
27-Apr-2026 14:14:51.975 信息 [main] org.apache.catalina.startup.HostConfig.deployDirectory Web应用程序目录[/Users/dingyi.zhang/Desktop/软工/tools/apache-tomcat-9.0.117/webapps/manager]的部署已在[61]毫秒内完成
27-Apr-2026 14:14:51.976 信息 [main] org.apache.catalina.startup.HostConfig.deployDirectory 把web 应用程序部署到目录 [/Users/dingyi.zhang/Desktop/软工/tools/apache-tomcat-9.0.117/webapps/examples]
27-Apr-2026 14:14:52.185 信息 [main] org.apache.catalina.startup.HostConfig.deployDirectory Web应用程序目录[/Users/dingyi.zhang/Desktop/软工/tools/apache-tomcat-9.0.117/webapps/examples]的部署已在[209]毫秒内完成
27-Apr-2026 14:14:52.187 信息 [main] org.apache.catalina.startup.HostConfig.deployDirectory 把web 应用程序部署到目录 [/Users/dingyi.zhang/Desktop/软工/tools/apache-tomcat-9.0.117/webapps/ROOT-tomcat-default]
27-Apr-2026 14:14:52.211 信息 [main] org.apache.catalina.startup.HostConfig.deployDirectory Web应用程序目录[/Users/dingyi.zhang/Desktop/软工/tools/apache-tomcat-9.0.117/webapps/ROOT-tomcat-default]的部署已在[23]毫秒内完成
27-Apr-2026 14:14:52.211 信息 [main] org.apache.catalina.startup.HostConfig.deployDirectory 把web 应用程序部署到目录 [/Users/dingyi.zhang/Desktop/软工/tools/apache-tomcat-9.0.117/webapps/host-manager]
27-Apr-2026 14:14:52.240 信息 [main] org.apache.catalina.startup.HostConfig.deployDirectory Web应用程序目录[/Users/dingyi.zhang/Desktop/软工/tools/apache-tomcat-9.0.117/webapps/host-manager]的部署已在[29]毫秒内完成
27-Apr-2026 14:14:52.244 信息 [main] org.apache.coyote.AbstractProtocol.start 开始协议处理句柄["http-nio-8080"]
27-Apr-2026 14:14:52.256 信息 [main] org.apache.catalina.startup.Catalina.start [2342]毫秒后服务器启动
27-Apr-2026 14:18:26.240 信息 [Thread-1] org.apache.coyote.AbstractProtocol.pause 暂停ProtocolHandler["http-nio-8080"]
27-Apr-2026 14:18:26.259 信息 [Thread-1] org.apache.catalina.core.StandardService.stopInternal 正在停止服务[Catalina]
27-Apr-2026 14:18:26.345 信息 [Thread-1] org.apache.coyote.AbstractProtocol.stop 正在停止ProtocolHandler ["http-nio-8080"]
27-Apr-2026 14:18:26.359 信息 [Thread-1] org.apache.coyote.AbstractProtocol.destroy 正在销毁协议处理器 ["http-nio-8080"]
